<?xml version="1.0" encoding="UTF-8"?>
<coverage generated="1680458010774" clover="3.2.0">
  <project timestamp="1680458010774" name="All files">
    <metrics statements="13" coveredstatements="13" conditionals="2" coveredconditionals="2" methods="6" coveredmethods="6" elements="21" coveredelements="21" complexity="0" loc="13" ncloc="13" packages="1" files="2" classes="2"/>
    <file name="app.js" path="/Users/kuznetsovd/Desktop/git/js-container-set/src/js/app.js">
      <metrics statements="7" coveredstatements="7" conditionals="2" coveredconditionals="2" methods="5" coveredmethods="5"/>
      <line num="3" count="4" type="stmt"/>
      <line num="7" count="9" type="cond" truecount="2" falsecount="0"/>
      <line num="8" count="1" type="stmt"/>
      <line num="10" count="8" type="stmt"/>
      <line num="14" count="2" type="stmt"/>
      <line num="15" count="5" type="stmt"/>
      <line num="20" count="1" type="stmt"/>
    </file>
    <file name="character.js" path="/Users/kuznetsovd/Desktop/git/js-container-set/src/js/character.js">
      <metrics statements="6" coveredstatements="6" conditionals="0" coveredconditionals="0" methods="1" coveredmethods="1"/>
      <line num="3" count="8" type="stmt"/>
      <line num="4" count="8" type="stmt"/>
      <line num="5" count="8" type="stmt"/>
      <line num="6" count="8" type="stmt"/>
      <line num="7" count="8" type="stmt"/>
      <line num="8" count="8" type="stmt"/>
    </file>
  </project>
</coverage>
