<?xml version="1.0" encoding="UTF-8"?>
<coverage generated="1680621540561" clover="3.2.0">
  <project timestamp="1680621540561" name="All files">
    <metrics statements="31" coveredstatements="31" conditionals="10" coveredconditionals="10" methods="8" coveredmethods="8" elements="49" coveredelements="49" complexity="0" loc="31" ncloc="31" packages="1" files="4" classes="4"/>
    <file name="app.js" path="/Users/kuznetsovd/Desktop/git/js-buffer-math/src/js/app.js">
      <metrics statements="17" coveredstatements="17" conditionals="10" coveredconditionals="10" methods="5" coveredmethods="5"/>
      <line num="5" count="7" type="stmt"/>
      <line num="6" count="7" type="stmt"/>
      <line num="7" count="7" type="stmt"/>
      <line num="8" count="7" type="stmt"/>
      <line num="12" count="1" type="stmt"/>
      <line num="16" count="12" type="cond" truecount="2" falsecount="0"/>
      <line num="17" count="1" type="stmt"/>
      <line num="19" count="12" type="cond" truecount="2" falsecount="0"/>
      <line num="20" count="1" type="stmt"/>
      <line num="22" count="12" type="cond" truecount="2" falsecount="0"/>
      <line num="23" count="1" type="stmt"/>
      <line num="25" count="12" type="cond" truecount="2" falsecount="0"/>
      <line num="26" count="1" type="stmt"/>
      <line num="28" count="12" type="cond" truecount="2" falsecount="0"/>
      <line num="29" count="1" type="stmt"/>
      <line num="34" count="1" type="stmt"/>
      <line num="38" count="7" type="stmt"/>
    </file>
    <file name="character.js" path="/Users/kuznetsovd/Desktop/git/js-buffer-math/src/js/character.js">
      <metrics statements="6" coveredstatements="6" conditionals="0" coveredconditionals="0" methods="1" coveredmethods="1"/>
      <line num="3" count="7" type="stmt"/>
      <line num="4" count="7" type="stmt"/>
      <line num="5" count="7" type="stmt"/>
      <line num="6" count="7" type="stmt"/>
      <line num="7" count="7" type="stmt"/>
      <line num="8" count="7" type="stmt"/>
    </file>
    <file name="daemon.js" path="/Users/kuznetsovd/Desktop/git/js-buffer-math/src/js/daemon.js">
      <metrics statements="4" coveredstatements="4" conditionals="0" coveredconditionals="0" methods="1" coveredmethods="1"/>
      <line num="5" count="3" type="stmt"/>
      <line num="6" count="3" type="stmt"/>
      <line num="7" count="3" type="stmt"/>
      <line num="8" count="3" type="stmt"/>
    </file>
    <file name="magician.js" path="/Users/kuznetsovd/Desktop/git/js-buffer-math/src/js/magician.js">
      <metrics statements="4" coveredstatements="4" conditionals="0" coveredconditionals="0" methods="1" coveredmethods="1"/>
      <line num="5" count="2" type="stmt"/>
      <line num="6" count="2" type="stmt"/>
      <line num="7" count="2" type="stmt"/>
      <line num="8" count="2" type="stmt"/>
    </file>
  </project>
</coverage>
