TN:
SF:src/js/app.js
FN:4,(anonymous_0)
FN:11,(anonymous_1)
FN:15,(anonymous_2)
FN:33,(anonymous_3)
FN:37,(anonymous_4)
FNF:5
FNH:5
FNDA:7,(anonymous_0)
FNDA:1,(anonymous_1)
FNDA:12,(anonymous_2)
FNDA:1,(anonymous_3)
FNDA:7,(anonymous_4)
DA:5,7
DA:6,7
DA:7,7
DA:8,7
DA:12,1
DA:16,12
DA:17,1
DA:19,12
DA:20,1
DA:22,12
DA:23,1
DA:25,12
DA:26,1
DA:28,12
DA:29,1
DA:34,1
DA:38,7
LF:17
LH:17
BRDA:16,0,0,1
BRDA:16,0,1,11
BRDA:19,1,0,1
BRDA:19,1,1,11
BRDA:22,2,0,1
BRDA:22,2,1,11
BRDA:25,3,0,1
BRDA:25,3,1,11
BRDA:28,4,0,1
BRDA:28,4,1,11
BRF:10
BRH:10
end_of_record
TN:
SF:src/js/character.js
FN:2,(anonymous_0)
FNF:1
FNH:1
FNDA:7,(anonymous_0)
DA:3,7
DA:4,7
DA:5,7
DA:6,7
DA:7,7
DA:8,7
LF:6
LH:6
BRF:0
BRH:0
end_of_record
TN:
SF:src/js/daemon.js
FN:4,(anonymous_0)
FNF:1
FNH:1
FNDA:3,(anonymous_0)
DA:5,3
DA:6,3
DA:7,3
DA:8,3
LF:4
LH:4
BRF:0
BRH:0
end_of_record
TN:
SF:src/js/magician.js
FN:4,(anonymous_0)
FNF:1
FNH:1
FNDA:2,(anonymous_0)
DA:5,2
DA:6,2
DA:7,2
DA:8,2
LF:4
LH:4
BRF:0
BRH:0
end_of_record
