TN:
SF:src/js/bowerman.js
FN:4,(anonymous_0)
FNF:1
FNH:1
FNDA:2,(anonymous_0)
DA:5,2
LF:1
LH:1
BRF:0
BRH:0
end_of_record
TN:
SF:src/js/character.js
FN:17,(anonymous_0)
FN:34,(anonymous_1)
FN:45,(anonymous_2)
FNF:3
FNH:3
FNDA:24,(anonymous_0)
FNDA:3,(anonymous_1)
FNDA:4,(anonymous_2)
DA:1,9
DA:10,9
DA:18,24
DA:19,1
DA:21,23
DA:23,23
DA:24,1
DA:26,22
DA:28,22
DA:29,22
DA:30,22
DA:31,22
DA:35,3
DA:36,1
DA:39,2
DA:40,2
DA:41,2
DA:42,2
DA:46,4
DA:47,3
LF:20
LH:20
BRDA:18,0,0,1
BRDA:18,0,1,23
BRDA:18,1,0,24
BRDA:18,1,1,24
BRDA:18,1,2,23
BRDA:23,2,0,1
BRDA:23,2,1,22
BRDA:35,3,0,1
BRDA:35,3,1,2
BRDA:46,4,0,3
BRDA:46,4,1,1
BRF:11
BRH:11
end_of_record
TN:
SF:src/js/daemon.js
FN:4,(anonymous_0)
FNF:1
FNH:1
FNDA:2,(anonymous_0)
DA:5,2
LF:1
LH:1
BRF:0
BRH:0
end_of_record
TN:
SF:src/js/magician.js
FN:4,(anonymous_0)
FNF:1
FNH:1
FNDA:2,(anonymous_0)
DA:5,2
LF:1
LH:1
BRF:0
BRH:0
end_of_record
TN:
SF:src/js/swordsman.js
FN:4,(anonymous_0)
FNF:1
FNH:1
FNDA:2,(anonymous_0)
DA:5,2
LF:1
LH:1
BRF:0
BRH:0
end_of_record
TN:
SF:src/js/undead.js
FN:4,(anonymous_0)
FNF:1
FNH:1
FNDA:2,(anonymous_0)
DA:5,2
LF:1
LH:1
BRF:0
BRH:0
end_of_record
TN:
SF:src/js/zombie.js
FN:4,(anonymous_0)
FNF:1
FNH:1
FNDA:2,(anonymous_0)
DA:5,2
LF:1
LH:1
BRF:0
BRH:0
end_of_record
