TN:
SF:src/js/app.js
FN:2,(anonymous_0)
FN:23,(anonymous_1)
FN:34,(anonymous_2)
FNF:3
FNH:3
FNDA:23,(anonymous_0)
FNDA:3,(anonymous_1)
FNDA:2,(anonymous_2)
DA:3,23
DA:5,23
DA:6,3
DA:8,20
DA:11,20
DA:12,1
DA:14,19
DA:17,19
DA:18,19
DA:19,19
DA:20,19
DA:24,3
DA:25,2
DA:26,2
DA:27,2
DA:28,2
DA:30,1
DA:35,2
DA:36,1
LF:19
LH:19
BRDA:5,0,0,3
BRDA:5,0,1,20
BRDA:5,1,0,23
BRDA:5,1,1,22
BRDA:5,1,2,21
BRDA:11,2,0,1
BRDA:11,2,1,19
BRDA:24,3,0,2
BRDA:24,3,1,1
BRDA:35,4,0,1
BRDA:35,4,1,1
BRF:11
BRH:11
end_of_record
TN:
SF:src/js/bowerman.js
FN:4,(anonymous_0)
FNF:1
FNH:1
FNDA:2,(anonymous_0)
DA:5,2
DA:6,2
DA:7,2
LF:3
LH:3
BRF:0
BRH:0
end_of_record
TN:
SF:src/js/deamon.js
FN:4,(anonymous_0)
FNF:1
FNH:1
FNDA:2,(anonymous_0)
DA:5,2
DA:6,2
DA:7,2
LF:3
LH:3
BRF:0
BRH:0
end_of_record
TN:
SF:src/js/magician.js
FN:4,(anonymous_0)
FNF:1
FNH:1
FNDA:2,(anonymous_0)
DA:5,2
DA:6,2
DA:7,2
LF:3
LH:3
BRF:0
BRH:0
end_of_record
TN:
SF:src/js/swordsman.js
FN:4,(anonymous_0)
FNF:1
FNH:1
FNDA:2,(anonymous_0)
DA:5,2
DA:6,2
DA:7,2
LF:3
LH:3
BRF:0
BRH:0
end_of_record
TN:
SF:src/js/undead.js
FN:4,(anonymous_0)
FNF:1
FNH:1
FNDA:2,(anonymous_0)
DA:5,2
DA:6,2
DA:7,2
LF:3
LH:3
BRF:0
BRH:0
end_of_record
TN:
SF:src/js/zombie.js
FN:4,(anonymous_0)
FNF:1
FNH:1
FNDA:2,(anonymous_0)
DA:5,2
DA:6,2
DA:7,2
LF:3
LH:3
BRF:0
BRH:0
end_of_record
