<?xml version="1.0" encoding="UTF-8"?>
<coverage generated="1674908982041" clover="3.2.0">
  <project timestamp="1674908982041" name="All files">
    <metrics statements="7" coveredstatements="7" conditionals="5" coveredconditionals="5" methods="3" coveredmethods="3" elements="15" coveredelements="15" complexity="0" loc="7" ncloc="7" packages="1" files="1" classes="1"/>
    <file name="handler.js" path="/Users/kuznetsovd/Desktop/git/js-object-reflection-proxy/src/js/handler.js">
      <metrics statements="7" coveredstatements="7" conditionals="5" coveredconditionals="5" methods="3" coveredmethods="3"/>
      <line num="2" count="5" type="stmt"/>
      <line num="3" count="15" type="stmt"/>
      <line num="4" count="5" type="cond" truecount="2" falsecount="0"/>
      <line num="6" count="5" type="stmt"/>
      <line num="7" count="17" type="cond" truecount="2" falsecount="0"/>
      <line num="8" count="15" type="stmt"/>
      <line num="14" count="5" type="stmt"/>
    </file>
  </project>
</coverage>
