{"/Users/kuznetsovd/Desktop/git/js-object-reflection-proxy/src/js/handler.js": {"path":"/Users/kuznetsovd/Desktop/git/js-object-reflection-proxy/src/js/handler.js","statementMap":{"0":{"start":{"line":2,"column":22},"end":{"line":2,"column":24}},"1":{"start":{"line":3,"column":23},"end":{"line":3,"column":81}},"2":{"start":{"line":3,"column":62},"end":{"line":3,"column":80}},"3":{"start":{"line":4,"column":17},"end":{"line":4,"column":74}},"4":{"start":{"line":6,"column":4},"end":{"line":13,"column":7}},"5":{"start":{"line":7,"column":8},"end":{"line":12,"column":9}},"6":{"start":{"line":8,"column":12},"end":{"line":11,"column":15}},"7":{"start":{"line":14,"column":4},"end":{"line":14,"column":21}}},"fnMap":{"0":{"name":"orderByProps","decl":{"start":{"line":1,"column":24},"end":{"line":1,"column":36}},"loc":{"start":{"line":1,"column":53},"end":{"line":15,"column":1}},"line":1},"1":{"name":"(anonymous_1)","decl":{"start":{"line":3,"column":54},"end":{"line":3,"column":55}},"loc":{"start":{"line":3,"column":62},"end":{"line":3,"column":80}},"line":3},"2":{"name":"(anonymous_2)","decl":{"start":{"line":6,"column":17},"end":{"line":6,"column":18}},"loc":{"start":{"line":6,"column":35},"end":{"line":13,"column":5}},"line":6}},"branchMap":{"0":{"loc":{"start":{"line":1,"column":42},"end":{"line":1,"column":51}},"type":"default-arg","locations":[{"start":{"line":1,"column":49},"end":{"line":1,"column":51}}],"line":1},"1":{"loc":{"start":{"line":4,"column":17},"end":{"line":4,"column":74}},"type":"cond-expr","locations":[{"start":{"line":4,"column":37},"end":{"line":4,"column":61}},{"start":{"line":4,"column":64},"end":{"line":4,"column":74}}],"line":4},"2":{"loc":{"start":{"line":7,"column":8},"end":{"line":12,"column":9}},"type":"if","locations":[{"start":{"line":7,"column":8},"end":{"line":12,"column":9}},{"start":{},"end":{}}],"line":7}},"s":{"0":5,"1":5,"2":15,"3":5,"4":5,"5":17,"6":15,"7":5},"f":{"0":5,"1":15,"2":17},"b":{"0":[1],"1":[2,3],"2":[15,2]},"_coverageSchema":"1a1c01bbd47fc00a2c39e90264f33305004495a9","hash":"b70d4cbb924a47bdc12368245c65642fb6b53efd"}
}
